[debug] [2021-01-25T11:19:30.772Z] ----------------------------------------------------------------------
[debug] [2021-01-25T11:19:30.785Z] Command:       /usr/bin/node /usr/local/bin/firebase init
[debug] [2021-01-25T11:19:30.787Z] CLI Version:   9.2.2
[debug] [2021-01-25T11:19:30.788Z] Platform:      linux
[debug] [2021-01-25T11:19:30.788Z] Node Version:  v10.19.0
[debug] [2021-01-25T11:19:30.789Z] Time:          Mon Jan 25 2021 12:19:30 GMT+0100 (West Africa Standard Time)
[debug] [2021-01-25T11:19:30.790Z] ----------------------------------------------------------------------
[debug] [2021-01-25T11:19:30.790Z] 
[debug] [2021-01-25T11:19:30.817Z] > command requires scopes: ["email","openid","https://www.googleapis.com/auth/cloudplatformprojects.readonly","https://www.googleapis.com/auth/firebase","https://www.googleapis.com/auth/cloud-platform"]
[debug] [2021-01-25T11:19:30.819Z] > authorizing via signed-in user
[info] 
     ######## #### ########  ######## ########     ###     ######  ########
     ##        ##  ##     ## ##       ##     ##  ##   ##  ##       ##
     ######    ##  ########  ######   ########  #########  ######  ######
     ##        ##  ##    ##  ##       ##     ## ##     ##       ## ##
     ##       #### ##     ## ######## ########  ##     ##  ######  ########

You're about to initialize a Firebase project in this directory:

  /home/danroyal001/Documents/firebaseProjects/oyald

[info] 
=== Project Setup
[info] 
[info] First, let's associate this project directory with a Firebase project.
[info] You can create multiple project aliases by running firebase use --add, 
[info] but for now we'll just set up a default project.
[info] 
[debug] [2021-01-25T11:27:14.367Z] >>> [apiv2][query] GET https://firebase.googleapis.com/v1beta1/projects pageSize=100
[debug] [2021-01-25T11:27:16.586Z] <<< [apiv2][status] GET https://firebase.googleapis.com/v1beta1/projects 200
[debug] [2021-01-25T11:27:16.587Z] <<< [apiv2][body] GET https://firebase.googleapis.com/v1beta1/projects [omitted]
